<?xml version="1.0" encoding="UTF-8"?>
<!-- Generated by org.testng.reporters.JUnitReportReporter -->
<testsuite hostname="shankar" failures="0" tests="3" name="com.spicetag.qa.testcases.LoginPageTest" time="10.853" errors="0" timestamp="7 Jun 2020 02:45:55 GMT">
  <testcase classname="com.spicetag.qa.testcases.LoginPageTest" name="logintest" time="4.876"/>
  <testcase classname="com.spicetag.qa.testcases.LoginPageTest" name="spicetaglogo" time="2.846"/>
  <testcase classname="com.spicetag.qa.testcases.LoginPageTest" name="LoginPageTitleValidate" time="3.131"/>
</testsuite> <!-- com.spicetag.qa.testcases.LoginPageTest -->
