<?xml version="1.0" encoding="UTF-8"?>
<!-- Generated by org.testng.reporters.JUnitReportReporter -->
<testsuite hostname="shankar" failures="0" tests="3" name="com.spicetag.qa.testcases.LoginPageTest" time="16.096" errors="0" timestamp="8 Jun 2020 08:19:53 GMT">
  <testcase classname="com.spicetag.qa.testcases.LoginPageTest" name="spicetaglogo" time="3.978"/>
  <testcase classname="com.spicetag.qa.testcases.LoginPageTest" name="logintest" time="6.421"/>
  <testcase classname="com.spicetag.qa.testcases.LoginPageTest" name="LoginPageTitleValidate" time="5.697"/>
</testsuite> <!-- com.spicetag.qa.testcases.LoginPageTest -->
