<?xml version="1.0" encoding="UTF-8"?>
<!-- Generated by org.testng.reporters.JUnitReportReporter -->
<testsuite hostname="shankar" failures="0" tests="3" name="com.spicetag.qa.testcases.LoginPageTest" time="12.329" errors="0" timestamp="8 Jun 2020 01:35:58 GMT">
  <testcase classname="com.spicetag.qa.testcases.LoginPageTest" name="logintest" time="4.147"/>
  <testcase classname="com.spicetag.qa.testcases.LoginPageTest" name="spicetaglogo" time="5.081"/>
  <testcase classname="com.spicetag.qa.testcases.LoginPageTest" name="LoginPageTitleValidate" time="3.101"/>
</testsuite> <!-- com.spicetag.qa.testcases.LoginPageTest -->
